2026-05-24 10:00:45,941 - INFO - -----------knn----------------
2026-05-24 10:00:46,023 - INFO - [[729 327]
 [101 252]]
2026-05-24 10:00:46,025 - INFO - 0.6962384669978708
2026-05-24 10:00:46,039 - INFO -               precision    recall  f1-score   support

           0       0.88      0.69      0.77      1056
           1       0.44      0.71      0.54       353

    accuracy                           0.70      1409
   macro avg       0.66      0.70      0.66      1409
weighted avg       0.77      0.70      0.71      1409

2026-05-24 10:00:46,123 - INFO - -----------Naive Bayes----------------
2026-05-24 10:00:46,139 - INFO - [[632 424]
 [ 42 311]]
2026-05-24 10:00:46,141 - INFO - 0.6692689850958127
2026-05-24 10:00:46,152 - INFO -               precision    recall  f1-score   support

           0       0.94      0.60      0.73      1056
           1       0.42      0.88      0.57       353

    accuracy                           0.67      1409
   macro avg       0.68      0.74      0.65      1409
weighted avg       0.81      0.67      0.69      1409

2026-05-24 10:00:46,154 - INFO - -----------LR----------------
2026-05-24 10:00:46,190 - INFO - [[784 272]
 [ 66 287]]
2026-05-24 10:00:46,192 - INFO - 0.7601135557132718
2026-05-24 10:00:46,207 - INFO -               precision    recall  f1-score   support

           0       0.92      0.74      0.82      1056
           1       0.51      0.81      0.63       353

    accuracy                           0.76      1409
   macro avg       0.72      0.78      0.73      1409
weighted avg       0.82      0.76      0.77      1409

2026-05-24 10:00:46,209 - INFO - -----------dt----------------
2026-05-24 10:00:46,312 - INFO - [[848 208]
 [167 186]]
2026-05-24 10:00:46,314 - INFO - 0.7338537970191625
2026-05-24 10:00:46,325 - INFO -               precision    recall  f1-score   support

           0       0.84      0.80      0.82      1056
           1       0.47      0.53      0.50       353

    accuracy                           0.73      1409
   macro avg       0.65      0.66      0.66      1409
weighted avg       0.74      0.73      0.74      1409

2026-05-24 10:00:46,327 - INFO - -----------rf----------------
2026-05-24 10:00:46,405 - INFO - [[884 172]
 [151 202]]
2026-05-24 10:00:46,406 - INFO - 0.7707594038325053
2026-05-24 10:00:46,413 - INFO -               precision    recall  f1-score   support

           0       0.85      0.84      0.85      1056
           1       0.54      0.57      0.56       353

    accuracy                           0.77      1409
   macro avg       0.70      0.70      0.70      1409
weighted avg       0.78      0.77      0.77      1409

2026-05-24 10:00:46,417 - INFO - -----------adaboost----------------
2026-05-24 10:00:46,489 - INFO - [[752 304]
 [ 61 292]]
2026-05-24 10:00:46,490 - INFO - 0.7409510290986515
2026-05-24 10:00:46,501 - INFO -               precision    recall  f1-score   support

           0       0.92      0.71      0.80      1056
           1       0.49      0.83      0.62       353

    accuracy                           0.74      1409
   macro avg       0.71      0.77      0.71      1409
weighted avg       0.82      0.74      0.76      1409

2026-05-24 10:00:46,504 - INFO - -----------gradient boosting----------------
2026-05-24 10:00:46,612 - INFO - [[769 287]
 [ 72 281]]
2026-05-24 10:00:46,614 - INFO - 0.7452093683463449
2026-05-24 10:00:46,624 - INFO -               precision    recall  f1-score   support

           0       0.91      0.73      0.81      1056
           1       0.49      0.80      0.61       353

    accuracy                           0.75      1409
   macro avg       0.70      0.76      0.71      1409
weighted avg       0.81      0.75      0.76      1409

2026-05-24 10:00:46,626 - INFO - -----------xtreme GB----------------
2026-05-24 10:00:46,732 - INFO - [[836 220]
 [ 88 265]]
2026-05-24 10:00:46,733 - INFO - 0.7814052519517388
2026-05-24 10:00:46,744 - INFO -               precision    recall  f1-score   support

           0       0.90      0.79      0.84      1056
           1       0.55      0.75      0.63       353

    accuracy                           0.78      1409
   macro avg       0.73      0.77      0.74      1409
weighted avg       0.81      0.78      0.79      1409

2026-05-24 10:00:46,748 - INFO - -----------SVM----------------
2026-05-24 10:00:51,064 - INFO - [[822 234]
 [ 86 267]]
2026-05-24 10:00:51,065 - INFO - 0.772888573456352
2026-05-24 10:00:51,076 - INFO -               precision    recall  f1-score   support

           0       0.91      0.78      0.84      1056
           1       0.53      0.76      0.63       353

    accuracy                           0.77      1409
   macro avg       0.72      0.77      0.73      1409
weighted avg       0.81      0.77      0.78      1409

2026-05-24 10:00:51,850 - INFO - -----------AUC and ROC ------------
