2026-05-24 10:00:43,755 - INFO - Before Train Shape : (5634, 32) : Index(['tenure_yeo_trim', 'MonthlyCharges_quantile_trim',
       'TotalCharges_interpolate_quantile_trim', 'SeniorCitizen',
       'gender_Male', 'Partner_Yes', 'Dependents_Yes', 'PhoneService_Yes',
       'PaperlessBilling_Yes', 'MultipleLines_No phone service',
       'MultipleLines_Yes', 'InternetService_Fiber optic',
       'InternetService_No', 'OnlineSecurity_No internet service',
       'OnlineSecurity_Yes', 'OnlineBackup_No internet service',
       'OnlineBackup_Yes', 'DeviceProtection_No internet service',
       'DeviceProtection_Yes', 'TechSupport_No internet service',
       'TechSupport_Yes', 'StreamingTV_No internet service', 'StreamingTV_Yes',
       'StreamingMovies_No internet service', 'StreamingMovies_Yes',
       'PaymentMethod_Credit card (automatic)',
       'PaymentMethod_Electronic check', 'PaymentMethod_Mailed check',
       'Teleco_Partner_BSNL', 'Teleco_Partner_Reliance Jio',
       'Teleco_Partner_Vodafone', 'Contract_Encoded'],
      dtype='str')
2026-05-24 10:00:43,755 - INFO - Before Test Shape : (1409, 32) : Index(['tenure_yeo_trim', 'MonthlyCharges_quantile_trim',
       'TotalCharges_interpolate_quantile_trim', 'SeniorCitizen',
       'gender_Male', 'Partner_Yes', 'Dependents_Yes', 'PhoneService_Yes',
       'PaperlessBilling_Yes', 'MultipleLines_No phone service',
       'MultipleLines_Yes', 'InternetService_Fiber optic',
       'InternetService_No', 'OnlineSecurity_No internet service',
       'OnlineSecurity_Yes', 'OnlineBackup_No internet service',
       'OnlineBackup_Yes', 'DeviceProtection_No internet service',
       'DeviceProtection_Yes', 'TechSupport_No internet service',
       'TechSupport_Yes', 'StreamingTV_No internet service', 'StreamingTV_Yes',
       'StreamingMovies_No internet service', 'StreamingMovies_Yes',
       'PaymentMethod_Credit card (automatic)',
       'PaymentMethod_Electronic check', 'PaymentMethod_Mailed check',
       'Teleco_Partner_BSNL', 'Teleco_Partner_Reliance Jio',
       'Teleco_Partner_Vodafone', 'Contract_Encoded'],
      dtype='str')
2026-05-24 10:00:43,767 - INFO - After Variance Threshold : (5634, 32)
2026-05-24 10:00:43,807 - INFO - After P-value Selection : (5634, 29)
2026-05-24 10:00:43,807 - INFO - Final Train Shape : (5634, 29) : Index(['tenure_yeo_trim', 'MonthlyCharges_quantile_trim',
       'TotalCharges_interpolate_quantile_trim', 'SeniorCitizen',
       'Partner_Yes', 'Dependents_Yes', 'PaperlessBilling_Yes',
       'MultipleLines_Yes', 'InternetService_Fiber optic',
       'InternetService_No', 'OnlineSecurity_No internet service',
       'OnlineSecurity_Yes', 'OnlineBackup_No internet service',
       'OnlineBackup_Yes', 'DeviceProtection_No internet service',
       'DeviceProtection_Yes', 'TechSupport_No internet service',
       'TechSupport_Yes', 'StreamingTV_No internet service', 'StreamingTV_Yes',
       'StreamingMovies_No internet service', 'StreamingMovies_Yes',
       'PaymentMethod_Credit card (automatic)',
       'PaymentMethod_Electronic check', 'PaymentMethod_Mailed check',
       'Teleco_Partner_BSNL', 'Teleco_Partner_Reliance Jio',
       'Teleco_Partner_Vodafone', 'Contract_Encoded'],
      dtype='str')
2026-05-24 10:00:43,807 - INFO - Final Test Shape : (1409, 29) : Index(['tenure_yeo_trim', 'MonthlyCharges_quantile_trim',
       'TotalCharges_interpolate_quantile_trim', 'SeniorCitizen',
       'Partner_Yes', 'Dependents_Yes', 'PaperlessBilling_Yes',
       'MultipleLines_Yes', 'InternetService_Fiber optic',
       'InternetService_No', 'OnlineSecurity_No internet service',
       'OnlineSecurity_Yes', 'OnlineBackup_No internet service',
       'OnlineBackup_Yes', 'DeviceProtection_No internet service',
       'DeviceProtection_Yes', 'TechSupport_No internet service',
       'TechSupport_Yes', 'StreamingTV_No internet service', 'StreamingTV_Yes',
       'StreamingMovies_No internet service', 'StreamingMovies_Yes',
       'PaymentMethod_Credit card (automatic)',
       'PaymentMethod_Electronic check', 'PaymentMethod_Mailed check',
       'Teleco_Partner_BSNL', 'Teleco_Partner_Reliance Jio',
       'Teleco_Partner_Vodafone', 'Contract_Encoded'],
      dtype='str')
