2026-05-24 10:00:27,220 - INFO - Before handling null values x_train column names and shape : (5634, 20) : 
 : Index(['gender', 'SeniorCitizen', 'Partner', 'Dependents', 'tenure',
       'PhoneService', 'MultipleLines', 'InternetService', 'OnlineSecurity',
       'OnlineBackup', 'DeviceProtection', 'TechSupport', 'StreamingTV',
       'StreamingMovies', 'Contract', 'PaperlessBilling', 'PaymentMethod',
       'MonthlyCharges', 'TotalCharges', 'Teleco_Partner'],
      dtype='str') : gender               0
SeniorCitizen        0
Partner              0
Dependents           0
tenure               0
PhoneService         0
MultipleLines        0
InternetService      0
OnlineSecurity       0
OnlineBackup         0
DeviceProtection     0
TechSupport          0
StreamingTV          0
StreamingMovies      0
Contract             0
PaperlessBilling     0
PaymentMethod        0
MonthlyCharges       0
TotalCharges        11
Teleco_Partner       0
dtype: int64
2026-05-24 10:00:27,226 - INFO - Before handling null values x_test column names and shape : (1409, 20) : 
 : Index(['gender', 'SeniorCitizen', 'Partner', 'Dependents', 'tenure',
       'PhoneService', 'MultipleLines', 'InternetService', 'OnlineSecurity',
       'OnlineBackup', 'DeviceProtection', 'TechSupport', 'StreamingTV',
       'StreamingMovies', 'Contract', 'PaperlessBilling', 'PaymentMethod',
       'MonthlyCharges', 'TotalCharges', 'Teleco_Partner'],
      dtype='str'): gender              0
SeniorCitizen       0
Partner             0
Dependents          0
tenure              0
PhoneService        0
MultipleLines       0
InternetService     0
OnlineSecurity      0
OnlineBackup        0
DeviceProtection    0
TechSupport         0
StreamingTV         0
StreamingMovies     0
Contract            0
PaperlessBilling    0
PaymentMethod       0
MonthlyCharges      0
TotalCharges        0
Teleco_Partner      0
dtype: int64
2026-05-24 10:00:27,262 - INFO - After handling null values x_train column names and shape : (5634, 20) : 
 : Index(['gender', 'SeniorCitizen', 'Partner', 'Dependents', 'tenure',
       'PhoneService', 'MultipleLines', 'InternetService', 'OnlineSecurity',
       'OnlineBackup', 'DeviceProtection', 'TechSupport', 'StreamingTV',
       'StreamingMovies', 'Contract', 'PaperlessBilling', 'PaymentMethod',
       'MonthlyCharges', 'Teleco_Partner', 'TotalCharges_interpolate'],
      dtype='str') : gender                      0
SeniorCitizen               0
Partner                     0
Dependents                  0
tenure                      0
PhoneService                0
MultipleLines               0
InternetService             0
OnlineSecurity              0
OnlineBackup                0
DeviceProtection            0
TechSupport                 0
StreamingTV                 0
StreamingMovies             0
Contract                    0
PaperlessBilling            0
PaymentMethod               0
MonthlyCharges              0
Teleco_Partner              0
TotalCharges_interpolate    0
dtype: int64
2026-05-24 10:00:27,265 - INFO - After handling null values x_test column names and shape : (1409, 20) : 
 : Index(['gender', 'SeniorCitizen', 'Partner', 'Dependents', 'tenure',
       'PhoneService', 'MultipleLines', 'InternetService', 'OnlineSecurity',
       'OnlineBackup', 'DeviceProtection', 'TechSupport', 'StreamingTV',
       'StreamingMovies', 'Contract', 'PaperlessBilling', 'PaymentMethod',
       'MonthlyCharges', 'Teleco_Partner', 'TotalCharges_interpolate'],
      dtype='str'): gender                      0
SeniorCitizen               0
Partner                     0
Dependents                  0
tenure                      0
PhoneService                0
MultipleLines               0
InternetService             0
OnlineSecurity              0
OnlineBackup                0
DeviceProtection            0
TechSupport                 0
StreamingTV                 0
StreamingMovies             0
Contract                    0
PaperlessBilling            0
PaymentMethod               0
MonthlyCharges              0
Teleco_Partner              0
TotalCharges_interpolate    0
dtype: int64
